<?xml version="1.0" encoding="UTF-8"?>
<testng-results ignored="0" total="1" passed="1" failed="0" skipped="0">
  <reporter-output>
  </reporter-output>
  <suite started-at="2020-11-07T18:01:33Z" name="Default suite" finished-at="2020-11-07T18:01:33Z" duration-ms="25">
    <groups>
    </groups>
    <test started-at="2020-11-07T18:01:33Z" name="Default test" finished-at="2020-11-07T18:01:33Z" duration-ms="25">
      <class name="Test.TestNGj">
        <test-method signature="f()[pri:0, instance:Test.TestNGj@56cdfb3b]" started-at="2020-11-07T12:01:33Z" name="f" finished-at="2020-11-07T12:01:33Z" duration-ms="9" status="PASS">
          <reporter-output>
          </reporter-output>
        </test-method> <!-- f -->
      </class> <!-- Test.TestNGj -->
    </test> <!-- Default test -->
  </suite> <!-- Default suite -->
</testng-results>
